TensorFlow 2.0 Upgrade Script
-----------------------------
Converted 14 files
Detected 0 issues that require attention
--------------------------------------------------------------------------------
================================================================================
Detailed log follows:

================================================================================
================================================================================
Input tree: '.'
================================================================================
--------------------------------------------------------------------------------
Processing file '.\\setup.py'
 outputting to '..\\v2\\setup.py'
--------------------------------------------------------------------------------


--------------------------------------------------------------------------------

--------------------------------------------------------------------------------
Processing file '.\\mrcnn\\config.py'
 outputting to '..\\v2\\mrcnn\\config.py'
--------------------------------------------------------------------------------


--------------------------------------------------------------------------------

--------------------------------------------------------------------------------
Processing file '.\\mrcnn\\model.py'
 outputting to '..\\v2\\mrcnn\\model.py'
--------------------------------------------------------------------------------

287:62: INFO: Added keywords to args of function 'tf.shape'
324:55: INFO: Added keywords to args of function 'tf.shape'
325:24: INFO: Added keywords to args of function 'tf.pad'
400:17: INFO: Renamed 'tf.where' to 'tf.compat.v1.where'
432:44: INFO: Added keywords to args of function 'tf.shape'
440:43: INFO: Added keywords to args of function 'tf.shape'
446:27: INFO: Added keywords to args of function 'tf.shape'
446:48: INFO: Added keywords to args of function 'tf.shape'
467:35: INFO: Added keywords to args of function 'tf.shape'
468:26: INFO: Added keywords to args of function 'tf.shape'
483:32: INFO: Added keywords to args of function 'tf.shape'
483:53: INFO: Added keywords to args of function 'tf.shape'
510:29: INFO: Added keywords to args of function 'tf.shape'
519:19: INFO: Added keywords to args of function 'tf.boolean_mask'
521:35: INFO: Renamed 'tf.where' to 'tf.compat.v1.where'
527:15: INFO: Renamed 'tf.where' to 'tf.compat.v1.where'
528:19: INFO: Renamed 'tf.where' to 'tf.compat.v1.where'
539:20: INFO: Added keywords to args of function 'tf.reduce_max'
543:18: INFO: Added keywords to args of function 'tf.reduce_max'
546:23: INFO: Renamed 'tf.where' to 'tf.compat.v1.where'
548:23: INFO: Renamed 'tf.where' to 'tf.compat.v1.where'
554:23: INFO: Renamed 'tf.random_shuffle' to 'tf.random.shuffle'
555:21: INFO: Added keywords to args of function 'tf.shape'
559:23: INFO: Renamed 'tf.random_shuffle' to 'tf.random.shuffle'
566:28: INFO: Added keywords to args of function 'tf.cond'
567:19: INFO: Added keywords to args of function 'tf.shape'
568:26: INFO: Added keywords to args of function 'tf.argmax'
580:38: INFO: Added keywords to args of function 'tf.transpose'
598:26: INFO: Added keywords to args of function 'tf.shape'
612:8: INFO: Added keywords to args of function 'tf.shape'
613:49: INFO: Added keywords to args of function 'tf.shape'
614:11: INFO: Added keywords to args of function 'tf.pad'
615:19: INFO: Added keywords to args of function 'tf.pad'
616:23: INFO: Added keywords to args of function 'tf.pad'
617:13: INFO: Added keywords to args of function 'tf.pad'
618:12: INFO: Added keywords to args of function 'tf.pad'
701:16: INFO: Added keywords to args of function 'tf.argmax'
717:11: INFO: Renamed 'tf.where' to 'tf.compat.v1.where'
720:20: INFO: Renamed 'tf.where' to 'tf.compat.v1.where'
721:15: INFO: Renamed 'tf.sets.set_intersection' to 'tf.sets.intersection'
723:15: INFO: Renamed 'tf.sparse_tensor_to_dense' to 'tf.sparse.to_dense'
735:14: INFO: Renamed 'tf.where' to 'tf.compat.v1.where'
745:47: INFO: Added keywords to args of function 'tf.shape'
746:21: INFO: Added keywords to args of function 'tf.pad'
757:35: INFO: Renamed 'tf.where' to 'tf.compat.v1.where'
759:11: INFO: Renamed 'tf.sets.set_intersection' to 'tf.sets.intersection'
761:11: INFO: Renamed 'tf.sparse_tensor_to_dense' to 'tf.sparse.to_dense'
765:26: INFO: Added keywords to args of function 'tf.shape'
773:8: INFO: Changed tf.to_float call to tf.cast(..., dtype=tf.float32).
778:43: INFO: Added keywords to args of function 'tf.shape'
779:17: INFO: Added keywords to args of function 'tf.pad'
858:33: INFO: Added keywords to args of function 'tf.shape'
870:50: INFO: Added keywords to args of function 'tf.shape'
1036:14: INFO: Renamed 'tf.where' to 'tf.compat.v1.where'
1044:20: INFO: Added keywords to args of function 'tf.size'
1061:14: INFO: Renamed 'tf.where' to 'tf.compat.v1.where'
1073:20: INFO: Added keywords to args of function 'tf.size'
1094:21: INFO: Added keywords to args of function 'tf.argmax'
1109:11: INFO: Added keywords to args of function 'tf.reduce_sum'
1109:33: INFO: Added keywords to args of function 'tf.reduce_sum'
1127:22: INFO: Renamed 'tf.where' to 'tf.compat.v1.where'
1137:20: INFO: Added keywords to args of function 'tf.size'
1155:17: INFO: Added keywords to args of function 'tf.shape'
1157:17: INFO: Added keywords to args of function 'tf.shape'
1161:17: INFO: Added keywords to args of function 'tf.transpose'
1165:18: INFO: Renamed 'tf.where' to 'tf.compat.v1.where'
1176:20: INFO: Added keywords to args of function 'tf.size'
2174:16: INFO: Added keywords to args of function 'tf.reduce_mean'
2181:73: INFO: Added keywords to args of function 'tf.size'
2198:16: INFO: Added keywords to args of function 'tf.reduce_mean'
2823:24: INFO: Added keywords to args of function 'tf.reduce_sum'
2824:12: INFO: Added keywords to args of function 'tf.boolean_mask'
--------------------------------------------------------------------------------

--------------------------------------------------------------------------------
Processing file '.\\mrcnn\\parallel_model.py'
 outputting to '..\\v2\\mrcnn\\parallel_model.py'
--------------------------------------------------------------------------------

72:21: INFO: `name` passed to `name_scope`. Because you may be re-entering an existing scope, it is not safe to convert automatically,  the v2 name_scope does not support re-entering scopes by name.

72:21: INFO: Renamed 'tf.name_scope' to 'tf.compat.v1.name_scope'
132:8: INFO: Renamed 'tf.reset_default_graph' to 'tf.compat.v1.reset_default_graph'
--------------------------------------------------------------------------------

--------------------------------------------------------------------------------
Processing file '.\\mrcnn\\utils.py'
 outputting to '..\\v2\\mrcnn\\utils.py'
--------------------------------------------------------------------------------

202:9: INFO: Renamed 'tf.log' to 'tf.math.log'
203:9: INFO: Renamed 'tf.log' to 'tf.math.log'
--------------------------------------------------------------------------------

--------------------------------------------------------------------------------
Processing file '.\\mrcnn\\visualize.py'
 outputting to '..\\v2\\mrcnn\\visualize.py'
--------------------------------------------------------------------------------


--------------------------------------------------------------------------------

--------------------------------------------------------------------------------
Processing file '.\\mrcnn\\__init__.py'
 outputting to '..\\v2\\mrcnn\\__init__.py'
--------------------------------------------------------------------------------


--------------------------------------------------------------------------------

--------------------------------------------------------------------------------
Processing file '.\\samples\\demo.py'
 outputting to '..\\v2\\samples\\demo.py'
--------------------------------------------------------------------------------


--------------------------------------------------------------------------------

--------------------------------------------------------------------------------
Processing file '.\\samples\\balloon\\balloon.py'
 outputting to '..\\v2\\samples\\balloon\\balloon.py'
--------------------------------------------------------------------------------


--------------------------------------------------------------------------------

--------------------------------------------------------------------------------
Processing file '.\\samples\\coco\\coco.py'
 outputting to '..\\v2\\samples\\coco\\coco.py'
--------------------------------------------------------------------------------


--------------------------------------------------------------------------------

--------------------------------------------------------------------------------
Processing file '.\\samples\\coco\\coco_backup.py'
 outputting to '..\\v2\\samples\\coco\\coco_backup.py'
--------------------------------------------------------------------------------


--------------------------------------------------------------------------------

--------------------------------------------------------------------------------
Processing file '.\\samples\\nucleus\\nucleus.py'
 outputting to '..\\v2\\samples\\nucleus\\nucleus.py'
--------------------------------------------------------------------------------


--------------------------------------------------------------------------------

--------------------------------------------------------------------------------
Processing file '.\\samples\\shapes\\shapes.py'
 outputting to '..\\v2\\samples\\shapes\\shapes.py'
--------------------------------------------------------------------------------


--------------------------------------------------------------------------------

--------------------------------------------------------------------------------
Processing file '.\\samples\\shapes\\train_shapes.py'
 outputting to '..\\v2\\samples\\shapes\\train_shapes.py'
--------------------------------------------------------------------------------


--------------------------------------------------------------------------------

